<?xml version="1.0" encoding="UTF-8"?>
<testsuite name="LRUCacheTest" tests="6" skipped="0" failures="0" errors="0" timestamp="2022-10-27T22:10:06" hostname="cab-wsm-0070345" time="0.017">
  <properties/>
  <testcase name="testOverwriteLeastRecentlyUsed()" classname="LRUCacheTest" time="0.014"/>
  <testcase name="testBasic()" classname="LRUCacheTest" time="0.0"/>
  <testcase name="testOverwrite()" classname="LRUCacheTest" time="0.0"/>
  <testcase name="testInverseOrder()" classname="LRUCacheTest" time="0.0"/>
  <testcase name="testBadCapacity()" classname="LRUCacheTest" time="0.001"/>
  <testcase name="testLRUOrdering()" classname="LRUCacheTest" time="0.0"/>
  <system-out><![CDATA[]]></system-out>
  <system-err><![CDATA[]]></system-err>
</testsuite>
